生成启动时间为 2019/9/12 12:36:07。
     1>项目“C:\Users\dell\Desktop\欧阳慧\bite\VS\study\study6.22(线性表）\study6.22\study6.22.vcxproj”在节点 2 上(Build 个目标)。
     1>ClCompile:
         D:\Program Files (x86)\Microsoft Visual Studio 12.0\VC\bin\CL.exe /c /ZI /nologo /W3 /WX- /Od /Oy- /D WIN32 /D _DEBUG /D _CONSOLE /D _LIB /D _UNICODE /D UNICODE /Gm /EHsc /RTC1 /MDd /GS /fp:precise /Zc:wchar_t /Zc:forScope /Fo"Debug\\" /Fd"Debug\vc120.pdb" /Gd /TC /analyze- /errorReport:prompt main.c seqList.c
         seqList.c
         main.c
     1>c:\users\dell\desktop\欧阳慧\bite\vs\study\study6.22(线性表）\study6.22\main.c(19): warning C4013: “SeqListPopback”未定义；假设外部返回 int
         正在生成代码...
       Link:
         D:\Program Files (x86)\Microsoft Visual Studio 12.0\VC\bin\link.exe /ERRORREPORT:PROMPT /OUT:"C:\Users\dell\Desktop\欧阳慧\bite\VS\study\study6.22(线性表）\Debug\study6.22.exe" /INCREMENTAL /NOLOGO kernel32.lib user32.lib gdi32.lib winspool.lib comdlg32.lib advapi32.lib shell32.lib ole32.lib oleaut32.lib uuid.lib odbc32.lib odbccp32.lib /MANIFEST /MANIFESTUAC:"level='asInvoker' uiAccess='false'" /manifest:embed /DEBUG /PDB:"C:\Users\dell\Desktop\欧阳慧\bite\VS\study\study6.22(线性表）\Debug\study6.22.pdb" /SUBSYSTEM:CONSOLE /TLBID:1 /DYNAMICBASE /NXCOMPAT /IMPLIB:"C:\Users\dell\Desktop\欧阳慧\bite\VS\study\study6.22(线性表）\Debug\study6.22.lib" /MACHINE:X86 Debug\main.obj
         Debug\seqList.obj
     1>main.obj : error LNK2019: 无法解析的外部符号 _SeqListPopback，该符号在函数 _main 中被引用
     1>C:\Users\dell\Desktop\欧阳慧\bite\VS\study\study6.22(线性表）\Debug\study6.22.exe : fatal error LNK1120: 1 个无法解析的外部命令
     1>已完成生成项目“C:\Users\dell\Desktop\欧阳慧\bite\VS\study\study6.22(线性表）\study6.22\study6.22.vcxproj”(Build 个目标)的操作 - 失败。

生成失败。

已用时间 00:00:00.95
